# JRE version: Java(TM) SE Runtime Environment (17.0.12+8) (build 17.0.12+8-LTS-286)
# Java VM: Java HotSpot(TM) 64-Bit Server VM (17.0.12+8-LTS-286, mixed mode, sharing, tiered, compressed oops, compressed class ptrs, g1 gc, windows-amd64)
GC Precious Log:
 CPUs: 8 total, 8 available
 Memory: 3842M
 Large Page Support: Disabled
 NUMA Support: Disabled
 Compressed Oops: Enabled (32-bit)
 Heap Region Size: 1M
 Heap Min Capacity: 8M
 Heap Initial Capacity: 62M
 Heap Max Capacity: 962M
 Pre-touch: Disabled
 Parallel Workers: 8
 Concurrent Workers: 2
 Concurrent Refinement Workers: 8
 Periodic GC: Disabled
Heap:
 garbage-first heap   total 55296K, used 29239K [0x00000000c3e00000, 0x0000000100000000)
  region size 1024K, 5 young (5120K), 2 survivors (2048K)
 Metaspace       used 59253K, committed 59840K, reserved 1114112K
  class space    used 8182K, committed 8448K, reserved 1048576K
GC Heap History (20 events):
Event: 8.487 GC heap before
{Heap before GC invocations=7 (full 0):
 garbage-first heap   total 55296K, used 18424K [0x00000000c3e00000, 0x0000000100000000)
  region size 1024K, 5 young (5120K), 4 survivors (4096K)
 Metaspace       used 26464K, committed 26880K, reserved 1114112K
  class space    used 3426K, committed 3648K, reserved 1048576K
}
Event: 8.492 GC heap after
{Heap after GC invocations=8 (full 0):
 garbage-first heap   total 55296K, used 17819K [0x00000000c3e00000, 0x0000000100000000)
  region size 1024K, 1 young (1024K), 1 survivors (1024K)
 Metaspace       used 26464K, committed 26880K, reserved 1114112K
  class space    used 3426K, committed 3648K, reserved 1048576K
}
Event: 11.514 GC heap before
{Heap before GC invocations=8 (full 0):
 garbage-first heap   total 55296K, used 39323K [0x00000000c3e00000, 0x0000000100000000)
  region size 1024K, 23 young (23552K), 1 survivors (1024K)
 Metaspace       used 30110K, committed 30464K, reserved 1114112K
  class space    used 3876K, committed 4032K, reserved 1048576K
}
Event: 11.516 GC heap after
{Heap after GC invocations=9 (full 0):
 garbage-first heap   total 55296K, used 18966K [0x00000000c3e00000, 0x0000000100000000)
  region size 1024K, 2 young (2048K), 2 survivors (2048K)
 Metaspace       used 30110K, committed 30464K, reserved 1114112K
  class space    used 3876K, committed 4032K, reserved 1048576K
}
Event: 12.151 GC heap before
{Heap before GC invocations=9 (full 0):
 garbage-first heap   total 55296K, used 41494K [0x00000000c3e00000, 0x0000000100000000)
  region size 1024K, 24 young (24576K), 2 survivors (2048K)
 Metaspace       used 35180K, committed 35648K, reserved 1114112K
  class space    used 4719K, committed 4928K, reserved 1048576K
}
Event: 12.154 GC heap after
{Heap after GC invocations=10 (full 0):
 garbage-first heap   total 55296K, used 20104K [0x00000000c3e00000, 0x0000000100000000)
  region size 1024K, 3 young (3072K), 3 survivors (3072K)
 Metaspace       used 35180K, committed 35648K, reserved 1114112K
  class space    used 4719K, committed 4928K, reserved 1048576K
}
Event: 12.178 GC heap before
{Heap before GC invocations=10 (full 0):
 garbage-first heap   total 55296K, used 21128K [0x00000000c3e00000, 0x0000000100000000)
  region size 1024K, 5 young (5120K), 3 survivors (3072K)
 Metaspace       used 35528K, committed 35968K, reserved 1114112K
  class space    used 4773K, committed 4992K, reserved 1048576K
}
Event: 12.181 GC heap after
{Heap after GC invocations=11 (full 0):
 garbage-first heap   total 55296K, used 20284K [0x00000000c3e00000, 0x0000000100000000)
  region size 1024K, 2 young (2048K), 2 survivors (2048K)
 Metaspace       used 35528K, committed 35968K, reserved 1114112K
  class space    used 4773K, committed 4992K, reserved 1048576K
}
Event: 13.944 GC heap before
{Heap before GC invocations=12 (full 0):
 garbage-first heap   total 55296K, used 41788K [0x00000000c3e00000, 0x0000000100000000)
  region size 1024K, 24 young (24576K), 2 survivors (2048K)
 Metaspace       used 41680K, committed 42112K, reserved 1114112K
  class space    used 5594K, committed 5760K, reserved 1048576K
}
Event: 13.949 GC heap after
{Heap after GC invocations=13 (full 0):
 garbage-first heap   total 55296K, used 21727K [0x00000000c3e00000, 0x0000000100000000)
  region size 1024K, 3 young (3072K), 3 survivors (3072K)
 Metaspace       used 41680K, committed 42112K, reserved 1114112K
  class space    used 5594K, committed 5760K, reserved 1048576K
}
Event: 14.006 GC heap before
{Heap before GC invocations=13 (full 0):
 garbage-first heap   total 55296K, used 21727K [0x00000000c3e00000, 0x0000000100000000)
  region size 1024K, 4 young (4096K), 3 survivors (3072K)
 Metaspace       used 41975K, committed 42432K, reserved 1114112K
  class space    used 5618K, committed 5824K, reserved 1048576K
}
Event: 14.010 GC heap after
{Heap after GC invocations=14 (full 0):
 garbage-first heap   total 55296K, used 21709K [0x00000000c3e00000, 0x0000000100000000)
  region size 1024K, 1 young (1024K), 1 survivors (1024K)
 Metaspace       used 41975K, committed 42432K, reserved 1114112K
  class space    used 5618K, committed 5824K, reserved 1048576K
}
Event: 15.065 GC heap before
{Heap before GC invocations=14 (full 0):
 garbage-first heap   total 55296K, used 42189K [0x00000000c3e00000, 0x0000000100000000)
  region size 1024K, 22 young (22528K), 1 survivors (1024K)
 Metaspace       used 47646K, committed 48064K, reserved 1114112K
  class space    used 6452K, committed 6656K, reserved 1048576K
}
Event: 15.067 GC heap after
{Heap after GC invocations=15 (full 0):
 garbage-first heap   total 55296K, used 22533K [0x00000000c3e00000, 0x0000000100000000)
  region size 1024K, 2 young (2048K), 2 survivors (2048K)
 Metaspace       used 47646K, committed 48064K, reserved 1114112K
  class space    used 6452K, committed 6656K, reserved 1048576K
}
Event: 15.781 GC heap before
{Heap before GC invocations=15 (full 0):
 garbage-first heap   total 55296K, used 41989K [0x00000000c3e00000, 0x0000000100000000)
  region size 1024K, 22 young (22528K), 2 survivors (2048K)
 Metaspace       used 52695K, committed 53184K, reserved 1114112K
  class space    used 7288K, committed 7488K, reserved 1048576K
}
Event: 15.784 GC heap after
{Heap after GC invocations=16 (full 0):
 garbage-first heap   total 55296K, used 23318K [0x00000000c3e00000, 0x0000000100000000)
  region size 1024K, 2 young (2048K), 2 survivors (2048K)
 Metaspace       used 52695K, committed 53184K, reserved 1114112K
  class space    used 7288K, committed 7488K, reserved 1048576K
}
Event: 16.367 GC heap before
{Heap before GC invocations=16 (full 0):
 garbage-first heap   total 55296K, used 44822K [0x00000000c3e00000, 0x0000000100000000)
  region size 1024K, 23 young (23552K), 2 survivors (2048K)
 Metaspace       used 56106K, committed 56640K, reserved 1114112K
  class space    used 7753K, committed 8000K, reserved 1048576K
}
Event: 16.371 GC heap after
{Heap after GC invocations=17 (full 0):
 garbage-first heap   total 55296K, used 25490K [0x00000000c3e00000, 0x0000000100000000)
  region size 1024K, 3 young (3072K), 3 survivors (3072K)
 Metaspace       used 56106K, committed 56640K, reserved 1114112K
  class space    used 7753K, committed 8000K, reserved 1048576K
}
Event: 16.985 GC heap before
{Heap before GC invocations=17 (full 0):
 garbage-first heap   total 55296K, used 43922K [0x00000000c3e00000, 0x0000000100000000)
  region size 1024K, 21 young (21504K), 3 survivors (3072K)
 Metaspace       used 58903K, committed 59456K, reserved 1114112K
  class space    used 8135K, committed 8384K, reserved 1048576K
}
Event: 16.989 GC heap after
{Heap after GC invocations=18 (full 0):
 garbage-first heap   total 55296K, used 27191K [0x00000000c3e00000, 0x0000000100000000)
  region size 1024K, 2 young (2048K), 2 survivors (2048K)
 Metaspace       used 58903K, committed 59456K, reserved 1114112K
  class space    used 8135K, committed 8384K, reserved 1048576K
}

